#
# There is insufficient memory for the Java Runtime Environment to continue.
# Native memory allocation (malloc) failed to allocate 2959056 bytes for Chunk::new
# Possible reasons:
#   The system is out of physical RAM or swap space
#   In 32 bit mode, the process size limit was hit
# Possible solutions:
#   Reduce memory load on the system
#   Increase physical memory or swap space
#   Check if swap backing store is full
#   Use 64 bit Java on a 64 bit OS
#   Decrease Java heap size (-Xmx/-Xms)
#   Decrease number of Java threads
#   Decrease Java thread stack sizes (-Xss)
#   Set larger code cache with -XX:ReservedCodeCacheSize=
# This output file may be truncated or incomplete.
#
#  Out of Memory Error (allocation.cpp:390), pid=24012, tid=0x0000000000001c48
#
# JRE version: Java(TM) SE Runtime Environment (8.0_191-b12) (build 1.8.0_191-b12)
# Java VM: Java HotSpot(TM) 64-Bit Server VM (25.191-b12 mixed mode windows-amd64 compressed oops)
# Failed to write core dump. Minidumps are not enabled by default on client versions of Windows
#

---------------  T H R E A D  ---------------

Current thread (0x000000001deac000):  JavaThread "C2 CompilerThread1" daemon [_thread_in_native, id=7240, stack(0x000000001f890000,0x000000001f990000)]

Stack: [0x000000001f890000,0x000000001f990000]
[error occurred during error reporting (printing stack bounds), id 0xc0000005]

Native frames: (J=compiled Java code, j=interpreted, Vv=VM code, C=native code)


Current CompileTask:
C2:   7708 7194   !   4       org.springframework.security.access.method.DelegatingMethodSecurityMetadataSource::getAttributes (192 bytes)


---------------  P R O C E S S  ---------------

Java Threads: ( => current thread )
  0x000000002bd73800 JavaThread "container-0" [_thread_blocked, id=4004, stack(0x000000002e5b0000,0x000000002e6b0000)]
  0x0000000029ddd000 JavaThread "Catalina-utility-2" [_thread_blocked, id=20148, stack(0x000000002e4b0000,0x000000002e5b0000)]
  0x0000000029ddc800 JavaThread "Catalina-utility-1" [_thread_blocked, id=3484, stack(0x000000002dd90000,0x000000002de90000)]
  0x000000001dffe000 JavaThread "HikariPool-1 connection adder" daemon [_thread_blocked, id=11800, stack(0x000000002a9f0000,0x000000002aaf0000)]
  0x0000000021387800 JavaThread "HikariPool-1 housekeeper" daemon [_thread_blocked, id=14496, stack(0x000000002bff0000,0x000000002c0f0000)]
  0x000000002212a000 JavaThread "mysql-cj-abandoned-connection-cleanup" daemon [_thread_blocked, id=11644, stack(0x0000000021df0000,0x0000000021ef0000)]
  0x000000001df43000 JavaThread "Service Thread" daemon [_thread_blocked, id=5072, stack(0x000000001fb90000,0x000000001fc90000)]
  0x000000001dead800 JavaThread "C1 CompilerThread3" daemon [_thread_blocked, id=20888, stack(0x000000001fa90000,0x000000001fb90000)]
  0x000000001dead000 JavaThread "C2 CompilerThread2" daemon [_thread_in_native, id=8068, stack(0x000000001f990000,0x000000001fa90000)]
=>0x000000001deac000 JavaThread "C2 CompilerThread1" daemon [_thread_in_native, id=7240, stack(0x000000001f890000,0x000000001f990000)]
  0x000000001de64800 JavaThread "C2 CompilerThread0" daemon [_thread_in_native, id=4764, stack(0x000000001f790000,0x000000001f890000)]
  0x000000001de4b800 JavaThread "JDWP Command Reader" daemon [_thread_in_native, id=21108, stack(0x000000001f690000,0x000000001f790000)]
  0x000000001de46800 JavaThread "JDWP Event Helper Thread" daemon [_thread_blocked, id=16348, stack(0x000000001f590000,0x000000001f690000)]
  0x000000001de43800 JavaThread "JDWP Transport Listener: dt_socket" daemon [_thread_blocked, id=8372, stack(0x000000001f490000,0x000000001f590000)]
  0x000000001de2b800 JavaThread "Attach Listener" daemon [_thread_blocked, id=9864, stack(0x000000001f390000,0x000000001f490000)]
  0x000000001de27000 JavaThread "Signal Dispatcher" daemon [_thread_blocked, id=22688, stack(0x000000001f290000,0x000000001f390000)]
  0x000000001c755000 JavaThread "Finalizer" daemon [_thread_blocked, id=900, stack(0x000000001f090000,0x000000001f190000)]
  0x000000001de13000 JavaThread "Reference Handler" daemon [_thread_blocked, id=2244, stack(0x000000001ef90000,0x000000001f090000)]
  0x0000000002967800 JavaThread "main" [_thread_in_vm, id=23012, stack(0x0000000002850000,0x0000000002950000)]

Other Threads:
  0x000000001ddf1800 VMThread [stack: 0x000000001ee90000,0x000000001ef90000] [id=21860]
  0x000000001df89000 WatcherThread [stack: 0x000000001fc90000,0x000000001fd90000] [id=18816]

VM state:not at safepoint (normal execution)

VM Mutex/Monitor currently owned by a thread: None

Heap:
 PSYoungGen      total 237568K, used 72482K [0x000000076bd80000, 0x000000077e280000, 0x00000007c0000000)
  eden space 213504K, 24% used [0x000000076bd80000,0x000000076f186900,0x0000000778e00000)
  from space 24064K, 79% used [0x000000077cb00000,0x000000077ddc21e8,0x000000077e280000)
  to   space 19968K, 0% used [0x0000000778e00000,0x0000000778e00000,0x000000077a180000)
 ParOldGen       total 240128K, used 30640K [0x00000006c3800000, 0x00000006d2280000, 0x000000076bd80000)
  object space 240128K, 12% used [0x00000006c3800000,0x00000006c55ec000,0x00000006d2280000)
 Metaspace       used 65194K, capacity 69138K, committed 69208K, reserved 1110016K
  class space    used 8637K, capacity 9286K, committed 9304K, reserved 1048576K

Card table byte_map: [0x0000000011fa0000,0x0000000012790000] byte_map_base: 0x000000000e984000

Marking Bits: (ParMarkBitMap*) 0x0000000071fd3e30
 Begin Bits: [0x00000000136e0000, 0x0000000017600000)
 End Bits:   [0x0000000017600000, 0x000000001b520000)

Polling page: 0x0000000002770000

CodeCache: size=245760Kb used=23214Kb max_used=23241Kb free=222545Kb
 bounds [0x0000000002be0000, 0x0000000004310000, 0x0000000011be0000]
 total_blobs=6657 nmethods=6095 adapters=481
 compilation: enabled

Compilation events (10 events):
Event: 7.698 Thread 0x000000001dead800 7283       2       org.springframework.beans.PropertyAccessorUtils::getFirstNestedPropertySeparatorIndex (6 bytes)
Event: 7.698 Thread 0x000000001dead800 nmethod 7283 0x000000000336f590 code [0x000000000336f6e0, 0x000000000336f848]
Event: 7.699 Thread 0x000000001dead800 7285       2       org.springframework.util.ClassUtils::isAssignable (84 bytes)
Event: 7.699 Thread 0x000000001dead800 nmethod 7285 0x0000000002ff0b90 code [0x0000000002ff0d60, 0x0000000002ff11a8]
Event: 7.699 Thread 0x000000001dead800 7286       2       org.springframework.beans.PropertyValue::getOriginalPropertyValue (34 bytes)
Event: 7.700 Thread 0x000000001dead800 nmethod 7286 0x0000000002ff06d0 code [0x0000000002ff0840, 0x0000000002ff0a70]
Event: 7.700 Thread 0x000000001dead800 7287       1       org.hibernate.internal.AbstractSharedSessionContract::getTransactionCoordinator (5 bytes)
Event: 7.700 Thread 0x000000001dead800 nmethod 7287 0x0000000003702390 code [0x00000000037024e0, 0x00000000037025f0]
Event: 7.703 Thread 0x000000001dead800 7289       1       java.util.stream.MatchOps$MatchOp::getOpFlags (8 bytes)
Event: 7.703 Thread 0x000000001dead800 nmethod 7289 0x0000000003729690 code [0x00000000037297e0, 0x00000000037298f0]

GC Heap History (10 events):
Event: 3.790 GC heap before
{Heap before GC invocations=9 (full 2):
 PSYoungGen      total 164864K, used 153088K [0x000000076bd80000, 0x0000000779000000, 0x00000007c0000000)
  eden space 153088K, 100% used [0x000000076bd80000,0x0000000775300000,0x0000000775300000)
  from space 11776K, 0% used [0x0000000776080000,0x0000000776080000,0x0000000776c00000)
  to   space 13824K, 0% used [0x0000000775300000,0x0000000775300000,0x0000000776080000)
 ParOldGen       total 166912K, used 16840K [0x00000006c3800000, 0x00000006cdb00000, 0x000000076bd80000)
  object space 166912K, 10% used [0x00000006c3800000,0x00000006c4872048,0x00000006cdb00000)
 Metaspace       used 47654K, capacity 50182K, committed 50520K, reserved 1093632K
  class space    used 6254K, capacity 6672K, committed 6744K, reserved 1048576K
Event: 3.801 GC heap after
Heap after GC invocations=9 (full 2):
 PSYoungGen      total 166912K, used 13792K [0x000000076bd80000, 0x000000077b300000, 0x00000007c0000000)
  eden space 153088K, 0% used [0x000000076bd80000,0x000000076bd80000,0x0000000775300000)
  from space 13824K, 99% used [0x0000000775300000,0x0000000776078090,0x0000000776080000)
  to   space 17920K, 0% used [0x000000077a180000,0x000000077a180000,0x000000077b300000)
 ParOldGen       total 166912K, used 20681K [0x00000006c3800000, 0x00000006cdb00000, 0x000000076bd80000)
  object space 166912K, 12% used [0x00000006c3800000,0x00000006c4c32490,0x00000006cdb00000)
 Metaspace       used 47654K, capacity 50182K, committed 50520K, reserved 1093632K
  class space    used 6254K, capacity 6672K, committed 6744K, reserved 1048576K
}
Event: 4.808 GC heap before
{Heap before GC invocations=10 (full 2):
 PSYoungGen      total 166912K, used 117780K [0x000000076bd80000, 0x000000077b300000, 0x00000007c0000000)
  eden space 153088K, 67% used [0x000000076bd80000,0x000000077230d2c8,0x0000000775300000)
  from space 13824K, 99% used [0x0000000775300000,0x0000000776078090,0x0000000776080000)
  to   space 17920K, 0% used [0x000000077a180000,0x000000077a180000,0x000000077b300000)
 ParOldGen       total 166912K, used 20681K [0x00000006c3800000, 0x00000006cdb00000, 0x000000076bd80000)
  object space 166912K, 12% used [0x00000006c3800000,0x00000006c4c32490,0x00000006cdb00000)
 Metaspace       used 56055K, capacity 58864K, committed 59028K, reserved 1099776K
  class space    used 7425K, capacity 7883K, committed 7896K, reserved 1048576K
Event: 4.826 GC heap after
Heap after GC invocations=10 (full 2):
 PSYoungGen      total 231424K, used 15710K [0x000000076bd80000, 0x000000077b900000, 0x00000007c0000000)
  eden space 213504K, 0% used [0x000000076bd80000,0x000000076bd80000,0x0000000778e00000)
  from space 17920K, 87% used [0x000000077a180000,0x000000077b0d7820,0x000000077b300000)
  to   space 19968K, 0% used [0x0000000778e00000,0x0000000778e00000,0x000000077a180000)
 ParOldGen       total 166912K, used 20697K [0x00000006c3800000, 0x00000006cdb00000, 0x000000076bd80000)
  object space 166912K, 12% used [0x00000006c3800000,0x00000006c4c36490,0x00000006cdb00000)
 Metaspace       used 56055K, capacity 58864K, committed 59028K, reserved 1099776K
  class space    used 7425K, capacity 7883K, committed 7896K, reserved 1048576K
}
Event: 4.826 GC heap before
{Heap before GC invocations=11 (full 3):
 PSYoungGen      total 231424K, used 15710K [0x000000076bd80000, 0x000000077b900000, 0x00000007c0000000)
  eden space 213504K, 0% used [0x000000076bd80000,0x000000076bd80000,0x0000000778e00000)
  from space 17920K, 87% used [0x000000077a180000,0x000000077b0d7820,0x000000077b300000)
  to   space 19968K, 0% used [0x0000000778e00000,0x0000000778e00000,0x000000077a180000)
 ParOldGen       total 166912K, used 20697K [0x00000006c3800000, 0x00000006cdb00000, 0x000000076bd80000)
  object space 166912K, 12% used [0x00000006c3800000,0x00000006c4c36490,0x00000006cdb00000)
 Metaspace       used 56055K, capacity 58864K, committed 59028K, reserved 1099776K
  class space    used 7425K, capacity 7883K, committed 7896K, reserved 1048576K
Event: 4.939 GC heap after
Heap after GC invocations=11 (full 3):
 PSYoungGen      total 231424K, used 0K [0x000000076bd80000, 0x000000077b900000, 0x00000007c0000000)
  eden space 213504K, 0% used [0x000000076bd80000,0x000000076bd80000,0x0000000778e00000)
  from space 17920K, 0% used [0x000000077a180000,0x000000077a180000,0x000000077b300000)
  to   space 19968K, 0% used [0x0000000778e00000,0x0000000778e00000,0x000000077a180000)
 ParOldGen       total 240128K, used 27496K [0x00000006c3800000, 0x00000006d2280000, 0x000000076bd80000)
  object space 240128K, 11% used [0x00000006c3800000,0x00000006c52da238,0x00000006d2280000)
 Metaspace       used 56055K, capacity 58864K, committed 59028K, reserved 1099776K
  class space    used 7425K, capacity 7883K, committed 7896K, reserved 1048576K
}
Event: 7.206 GC heap before
{Heap before GC invocations=12 (full 3):
 PSYoungGen      total 231424K, used 213504K [0x000000076bd80000, 0x000000077b900000, 0x00000007c0000000)
  eden space 213504K, 100% used [0x000000076bd80000,0x0000000778e00000,0x0000000778e00000)
  from space 17920K, 0% used [0x000000077a180000,0x000000077a180000,0x000000077b300000)
  to   space 19968K, 0% used [0x0000000778e00000,0x0000000778e00000,0x000000077a180000)
 ParOldGen       total 240128K, used 27496K [0x00000006c3800000, 0x00000006d2280000, 0x000000076bd80000)
  object space 240128K, 11% used [0x00000006c3800000,0x00000006c52da238,0x00000006d2280000)
 Metaspace       used 64219K, capacity 68102K, committed 68440K, reserved 1107968K
  class space    used 8555K, capacity 9206K, committed 9304K, reserved 1048576K
Event: 7.222 GC heap after
Heap after GC invocations=12 (full 3):
 PSYoungGen      total 233472K, used 19963K [0x000000076bd80000, 0x000000077e280000, 0x00000007c0000000)
  eden space 213504K, 0% used [0x000000076bd80000,0x000000076bd80000,0x0000000778e00000)
  from space 19968K, 99% used [0x0000000778e00000,0x000000077a17ee08,0x000000077a180000)
  to   space 24064K, 0% used [0x000000077cb00000,0x000000077cb00000,0x000000077e280000)
 ParOldGen       total 240128K, used 30632K [0x00000006c3800000, 0x00000006d2280000, 0x000000076bd80000)
  object space 240128K, 12% used [0x00000006c3800000,0x00000006c55ea000,0x00000006d2280000)
 Metaspace       used 64219K, capacity 68102K, committed 68440K, reserved 1107968K
  class space    used 8555K, capacity 9206K, committed 9304K, reserved 1048576K
}
Event: 7.443 GC heap before
{Heap before GC invocations=13 (full 3):
 PSYoungGen      total 233472K, used 233467K [0x000000076bd80000, 0x000000077e280000, 0x00000007c0000000)
  eden space 213504K, 100% used [0x000000076bd80000,0x0000000778e00000,0x0000000778e00000)
  from space 19968K, 99% used [0x0000000778e00000,0x000000077a17ee08,0x000000077a180000)
  to   space 24064K, 0% used [0x000000077cb00000,0x000000077cb00000,0x000000077e280000)
 ParOldGen       total 240128K, used 30632K [0x00000006c3800000, 0x00000006d2280000, 0x000000076bd80000)
  object space 240128K, 12% used [0x00000006c3800000,0x00000006c55ea000,0x00000006d2280000)
 Metaspace       used 64487K, capacity 68376K, committed 68696K, reserved 1107968K
  class space    used 8566K, capacity 9209K, committed 9304K, reserved 1048576K
Event: 7.456 GC heap after
Heap after GC invocations=13 (full 3):
 PSYoungGen      total 237568K, used 19208K [0x000000076bd80000, 0x000000077e280000, 0x00000007c0000000)
  eden space 213504K, 0% used [0x000000076bd80000,0x000000076bd80000,0x0000000778e00000)
  from space 24064K, 79% used [0x000000077cb00000,0x000000077ddc21e8,0x000000077e280000)
  to   space 19968K, 0% used [0x0000000778e00000,0x0000000778e00000,0x000000077a180000)
 ParOldGen       total 240128K, used 30640K [0x00000006c3800000, 0x00000006d2280000, 0x000000076bd80000)
  object space 240128K, 12% used [0x00000006c3800000,0x00000006c55ec000,0x00000006d2280000)
 Metaspace       used 64487K, capacity 68376K, committed 68696K, reserved 1107968K
  class space    used 8566K, capacity 9209K, committed 9304K, reserved 1048576K
}

Deoptimization events (10 events):
Event: 7.278 Thread 0x000000002cba8800 Uncommon trap: reason=class_check action=maybe_recompile pc=0x00000000041cb300 method=java.util.concurrent.ConcurrentHashMap.get(Ljava/lang/Object;)Ljava/lang/Object; @ 93
Event: 7.318 Thread 0x0000000002967800 Uncommon trap: reason=class_check action=maybe_recompile pc=0x0000000002ddb7cc method=java.util.Properties$LineReader.readLine()I @ 410
Event: 7.321 Thread 0x0000000002967800 Uncommon trap: reason=unstable_if action=reinterpret pc=0x0000000003ed1a6c method=java.util.concurrent.ConcurrentHashMap.sumCount()J @ 11
Event: 7.363 Thread 0x000000002cba4000 Uncommon trap: reason=unstable_if action=reinterpret pc=0x0000000002e70f9c method=java.util.concurrent.ConcurrentHashMap.putVal(Ljava/lang/Object;Ljava/lang/Object;Z)Ljava/lang/Object; @ 147
Event: 7.371 Thread 0x000000002cb9e000 Uncommon trap: reason=unstable_if action=reinterpret pc=0x0000000002dd1d24 method=nonapi.io.github.classgraph.fastzipfilereader.LogicalZipFile.parseManifest(Lnonapi/io/github/classgraph/fastzipfilereader/FastZipEntry;Lnonapi/io/github/classgraph/utils/Log
Event: 7.408 Thread 0x0000000002967800 Uncommon trap: reason=class_check action=maybe_recompile pc=0x0000000002ddb7cc method=java.util.Properties$LineReader.readLine()I @ 410
Event: 7.456 Thread 0x000000001de13000 Uncommon trap: reason=unstable_if action=reinterpret pc=0x0000000003921904 method=java.lang.ref.Reference.tryHandlePending(Z)Z @ 20
Event: 7.509 Thread 0x0000000002967800 Uncommon trap: reason=class_check action=maybe_recompile pc=0x0000000002ddb7cc method=java.util.Properties$LineReader.readLine()I @ 410
Event: 7.573 Thread 0x0000000002967800 Uncommon trap: reason=unstable_if action=reinterpret pc=0x000000000394b440 method=org.springframework.beans.factory.support.DefaultSingletonBeanRegistry.getSingleton(Ljava/lang/String;Z)Ljava/lang/Object; @ 39
Event: 7.686 Thread 0x0000000002967800 Uncommon trap: reason=null_check action=make_not_entrant pc=0x00000000034bdd0c method=org.springframework.util.ClassUtils.isAssignable(Ljava/lang/Class;Ljava/lang/Class;)Z @ 14

Classes redefined (0 events):
No events

Internal exceptions (10 events):
Event: 7.424 Thread 0x000000002cfe2800 Exception <a 'sun/nio/fs/WindowsException'> (0x00000007759f7bf8) thrown at [C:\re\workspace\8-2-build-windows-amd64-cygwin\jdk8u191\11896\hotspot\src\share\vm\prims\jni.cpp, line 709]
Event: 7.425 Thread 0x000000002cfe2800 Exception <a 'sun/nio/fs/WindowsException'> (0x00000007759f8108) thrown at [C:\re\workspace\8-2-build-windows-amd64-cygwin\jdk8u191\11896\hotspot\src\share\vm\prims\jni.cpp, line 709]
Event: 7.425 Thread 0x000000002cfe2800 Exception <a 'sun/nio/fs/WindowsException'> (0x00000007759f8ad8) thrown at [C:\re\workspace\8-2-build-windows-amd64-cygwin\jdk8u191\11896\hotspot\src\share\vm\prims\jni.cpp, line 709]
Event: 7.425 Thread 0x000000002cfe2800 Exception <a 'sun/nio/fs/WindowsException'> (0x00000007759f9008) thrown at [C:\re\workspace\8-2-build-windows-amd64-cygwin\jdk8u191\11896\hotspot\src\share\vm\prims\jni.cpp, line 709]
Event: 7.425 Thread 0x000000002cfe2800 Exception <a 'sun/nio/fs/WindowsException'> (0x00000007759f9a10) thrown at [C:\re\workspace\8-2-build-windows-amd64-cygwin\jdk8u191\11896\hotspot\src\share\vm\prims\jni.cpp, line 709]
Event: 7.425 Thread 0x000000002cfe2800 Exception <a 'sun/nio/fs/WindowsException'> (0x00000007759f9f70) thrown at [C:\re\workspace\8-2-build-windows-amd64-cygwin\jdk8u191\11896\hotspot\src\share\vm\prims\jni.cpp, line 709]
Event: 7.425 Thread 0x000000002cfe2800 Exception <a 'sun/nio/fs/WindowsException'> (0x00000007759fa998) thrown at [C:\re\workspace\8-2-build-windows-amd64-cygwin\jdk8u191\11896\hotspot\src\share\vm\prims\jni.cpp, line 709]
Event: 7.425 Thread 0x000000002cfe2800 Exception <a 'sun/nio/fs/WindowsException'> (0x00000007759faf20) thrown at [C:\re\workspace\8-2-build-windows-amd64-cygwin\jdk8u191\11896\hotspot\src\share\vm\prims\jni.cpp, line 709]
Event: 7.425 Thread 0x000000002cfe2800 Exception <a 'sun/nio/fs/WindowsException'> (0x00000007759fb930) thrown at [C:\re\workspace\8-2-build-windows-amd64-cygwin\jdk8u191\11896\hotspot\src\share\vm\prims\jni.cpp, line 709]
Event: 7.426 Thread 0x000000002cfe2800 Exception <a 'sun/nio/fs/WindowsException'> (0x00000007759fbeb0) thrown at [C:\re\workspace\8-2-build-windows-amd64-cygwin\jdk8u191\11896\hotspot\src\share\vm\prims\jni.cpp, line 709]

Events (10 events):
Event: 7.684 Thread 0x0000000002967800 DEOPT UNPACKING pc=0x0000000002c27890 sp=0x000000000294e2f0 mode 1
Event: 7.686 Thread 0x0000000002967800 Uncommon trap: trap_request=0xfffffff4 fr.pc=0x00000000034bdd0c
Event: 7.686 Thread 0x0000000002967800 DEOPT PACKING pc=0x00000000034bdd0c sp=0x000000000294e310
Event: 7.686 Thread 0x0000000002967800 DEOPT UNPACKING pc=0x0000000002c2583b sp=0x000000000294e2c8 mode 2
Event: 7.686 loading class org/springframework/data/jpa/repository/support/JpaEvaluationContextExtension$JpaRootObject
Event: 7.686 loading class org/springframework/data/jpa/repository/support/JpaEvaluationContextExtension$JpaRootObject done
Event: 7.686 Thread 0x0000000002967800 DEOPT PACKING pc=0x0000000003bd5bd4 sp=0x000000000294c6e0
Event: 7.686 Thread 0x0000000002967800 DEOPT UNPACKING pc=0x0000000002c27890 sp=0x000000000294c3d0 mode 1
Event: 7.688 Thread 0x0000000002967800 DEOPT PACKING pc=0x0000000003978756 sp=0x000000000294d350
Event: 7.688 Thread 0x0000000002967800 DEOPT UNPACKING pc=0x0000000002c27890 sp=0x000000000294d138 mode 0


Dynamic libraries:
0x00007ff680bc0000 - 0x00007ff680bf7000 	C:\Program Files\Java\jdk1.8.0_191\bin\java.exe
0x00007fff125b0000 - 0x00007fff127c4000 	C:\WINDOWS\SYSTEM32\ntdll.dll
0x00007fff11020000 - 0x00007fff110e3000 	C:\WINDOWS\System32\KERNEL32.DLL
0x00007fff0fb40000 - 0x00007fff0fedc000 	C:\WINDOWS\System32\KERNELBASE.dll
0x00007fff12350000 - 0x00007fff123fe000 	C:\WINDOWS\System32\ADVAPI32.dll
0x00007fff11f00000 - 0x00007fff11fa7000 	C:\WINDOWS\System32\msvcrt.dll
0x00007fff124c0000 - 0x00007fff12564000 	C:\WINDOWS\System32\sechost.dll
0x00007fff117b0000 - 0x00007fff118c5000 	C:\WINDOWS\System32\RPCRT4.dll
0x00007fff11d50000 - 0x00007fff11efd000 	C:\WINDOWS\System32\USER32.dll
0x00007fff0f9f0000 - 0x00007fff0fa16000 	C:\WINDOWS\System32\win32u.dll
0x00007fff10ff0000 - 0x00007fff11019000 	C:\WINDOWS\System32\GDI32.dll
0x00007fff0fa20000 - 0x00007fff0fb32000 	C:\WINDOWS\System32\gdi32full.dll
0x00007fff101f0000 - 0x00007fff1028a000 	C:\WINDOWS\System32\msvcp_win.dll
0x00007fff0fee0000 - 0x00007fff0fff1000 	C:\WINDOWS\System32\ucrtbase.dll
0x00007fff041c0000 - 0x00007fff0444e000 	C:\WINDOWS\WinSxS\amd64_microsoft.windows.common-controls_6595b64144ccf1df_6.0.22621.608_none_a9444ca7c10bb01d\COMCTL32.dll
0x00007fff12290000 - 0x00007fff122c2000 	C:\WINDOWS\System32\IMM32.DLL
0x0000000072060000 - 0x0000000072132000 	C:\Program Files\Java\jdk1.8.0_191\jre\bin\msvcr100.dll
0x00000000717b0000 - 0x0000000072054000 	C:\Program Files\Java\jdk1.8.0_191\jre\bin\server\jvm.dll
0x00007fff103d0000 - 0x00007fff103d8000 	C:\WINDOWS\System32\PSAPI.DLL
0x00007fff0cd20000 - 0x00007fff0cd29000 	C:\WINDOWS\SYSTEM32\WSOCK32.dll
0x00007ffefea30000 - 0x00007ffefea64000 	C:\WINDOWS\SYSTEM32\WINMM.dll
0x00007ffeff4e0000 - 0x00007ffeff4ea000 	C:\WINDOWS\SYSTEM32\VERSION.dll
0x00007fff122d0000 - 0x00007fff12341000 	C:\WINDOWS\System32\WS2_32.dll
0x00000000717a0000 - 0x00000000717af000 	C:\Program Files\Java\jdk1.8.0_191\jre\bin\verify.dll
0x0000000071770000 - 0x0000000071799000 	C:\Program Files\Java\jdk1.8.0_191\jre\bin\java.dll
0x0000000071730000 - 0x0000000071765000 	C:\Program Files\Java\jdk1.8.0_191\jre\bin\jdwp.dll
0x0000000071720000 - 0x0000000071728000 	C:\Program Files\Java\jdk1.8.0_191\jre\bin\npt.dll
0x00000000716f0000 - 0x0000000071713000 	C:\Program Files\Java\jdk1.8.0_191\jre\bin\instrument.dll
0x00000000716d0000 - 0x00000000716e6000 	C:\Program Files\Java\jdk1.8.0_191\jre\bin\zip.dll
0x00007fff105d0000 - 0x00007fff10dbf000 	C:\WINDOWS\System32\SHELL32.dll
0x00007fff0d9c0000 - 0x00007fff0e288000 	C:\WINDOWS\SYSTEM32\windows.storage.dll
0x00007fff110f0000 - 0x00007fff1147a000 	C:\WINDOWS\System32\combase.dll
0x00007fff0d880000 - 0x00007fff0d9be000 	C:\WINDOWS\SYSTEM32\wintypes.dll
0x00007fff10dc0000 - 0x00007fff10eb1000 	C:\WINDOWS\System32\SHCORE.dll
0x00007fff11fb0000 - 0x00007fff1200e000 	C:\WINDOWS\System32\shlwapi.dll
0x00007fff0f920000 - 0x00007fff0f941000 	C:\WINDOWS\SYSTEM32\profapi.dll
0x00000000716c0000 - 0x00000000716c9000 	C:\Program Files\Java\jdk1.8.0_191\jre\bin\dt_socket.dll
0x00007fff0ef50000 - 0x00007fff0efb9000 	C:\WINDOWS\system32\mswsock.dll
0x00000000716b0000 - 0x00000000716bd000 	C:\Program Files\Java\jdk1.8.0_191\jre\bin\management.dll
0x0000000071690000 - 0x00000000716aa000 	C:\Program Files\Java\jdk1.8.0_191\jre\bin\net.dll
0x00007fff00ac0000 - 0x00007fff00ad7000 	C:\WINDOWS\system32\napinsp.dll
0x00007fff00aa0000 - 0x00007fff00abb000 	C:\WINDOWS\system32\pnrpnsp.dll
0x00007fff0e550000 - 0x00007fff0e643000 	C:\WINDOWS\SYSTEM32\DNSAPI.dll
0x00007fff0e520000 - 0x00007fff0e54d000 	C:\WINDOWS\SYSTEM32\IPHLPAPI.DLL
0x00007fff11740000 - 0x00007fff11749000 	C:\WINDOWS\System32\NSI.dll
0x00007fff00a80000 - 0x00007fff00a91000 	C:\WINDOWS\System32\winrnr.dll
0x00007fff00a60000 - 0x00007fff00a75000 	C:\WINDOWS\system32\wshbth.dll
0x00007fff00a30000 - 0x00007fff00a51000 	C:\WINDOWS\system32\nlansp_c.dll
0x00007fff00080000 - 0x00007fff0008a000 	C:\Windows\System32\rasadhlp.dll
0x00007fff09830000 - 0x00007fff098b3000 	C:\WINDOWS\System32\fwpuclnt.dll
0x0000000071670000 - 0x0000000071681000 	C:\Program Files\Java\jdk1.8.0_191\jre\bin\nio.dll
0x00007fff0f270000 - 0x00007fff0f28b000 	C:\WINDOWS\SYSTEM32\CRYPTSP.dll
0x00007fff0e9e0000 - 0x00007fff0ea15000 	C:\WINDOWS\system32\rsaenh.dll
0x00007fff0eff0000 - 0x00007fff0f018000 	C:\WINDOWS\SYSTEM32\USERENV.dll
0x00007fff0f390000 - 0x00007fff0f3b8000 	C:\WINDOWS\SYSTEM32\bcrypt.dll
0x00007fff10170000 - 0x00007fff101eb000 	C:\WINDOWS\System32\bcryptprimitives.dll
0x00007fff0f250000 - 0x00007fff0f25c000 	C:\WINDOWS\SYSTEM32\CRYPTBASE.dll
0x00007fff0a500000 - 0x00007fff0a519000 	C:\WINDOWS\SYSTEM32\dhcpcsvc6.DLL
0x00007fff09fa0000 - 0x00007fff09fbf000 	C:\WINDOWS\SYSTEM32\dhcpcsvc.DLL
0x0000000071640000 - 0x0000000071664000 	C:\Program Files\Java\jdk1.8.0_191\jre\bin\sunec.dll
0x0000000071630000 - 0x000000007163b000 	C:\Program Files\Java\jdk1.8.0_191\jre\bin\sunmscapi.dll
0x00007fff10000000 - 0x00007fff10166000 	C:\WINDOWS\System32\CRYPT32.dll

VM Arguments:
jvm_args: -agentlib:jdwp=transport=dt_socket,address=127.0.0.1:64116,suspend=y,server=n -Dspring.profiles.active=local -javaagent:C:\Users\Admin\AppData\Local\JetBrains\IdeaIC2022.3\captureAgent\debugger-agent.jar -Dfile.encoding=UTF-8 
java_command: fpt.project.bsmart.BsmartApplication
java_class_path (initial): C:\Program Files\Java\jdk1.8.0_191\jre\lib\charsets.jar;C:\Program Files\Java\jdk1.8.0_191\jre\lib\deploy.jar;C:\Program Files\Java\jdk1.8.0_191\jre\lib\ext\access-bridge-64.jar;C:\Program Files\Java\jdk1.8.0_191\jre\lib\ext\cldrdata.jar;C:\Program Files\Java\jdk1.8.0_191\jre\lib\ext\dnsns.jar;C:\Program Files\Java\jdk1.8.0_191\jre\lib\ext\jaccess.jar;C:\Program Files\Java\jdk1.8.0_191\jre\lib\ext\jfxrt.jar;C:\Program Files\Java\jdk1.8.0_191\jre\lib\ext\localedata.jar;C:\Program Files\Java\jdk1.8.0_191\jre\lib\ext\nashorn.jar;C:\Program Files\Java\jdk1.8.0_191\jre\lib\ext\sunec.jar;C:\Program Files\Java\jdk1.8.0_191\jre\lib\ext\sunjce_provider.jar;C:\Program Files\Java\jdk1.8.0_191\jre\lib\ext\sunmscapi.jar;C:\Program Files\Java\jdk1.8.0_191\jre\lib\ext\sunpkcs11.jar;C:\Program Files\Java\jdk1.8.0_191\jre\lib\ext\zipfs.jar;C:\Program Files\Java\jdk1.8.0_191\jre\lib\javaws.jar;C:\Program Files\Java\jdk1.8.0_191\jre\lib\jce.jar;C:\Program Files\Java\jdk1.8.0_191\jre\lib\jfr.jar;C:\Program Files\Java\jdk1.8.0_191\jre\lib\jfxswt.jar;C:\Program Files\Java\jdk1.8.0_191\jre\lib\jsse.jar;C:\Program Files\Java\jdk1.8.0_191\jre\lib\management-agent.jar;C:\Program Files\Java\jdk1.8.0_191\jre\lib\plugin.jar;C:\Program Files\Java\jdk1.8.0_191\jre\lib\resources.jar;C:\Program Files\Java\jdk1.8.0_191\jre\lib\rt.jar;C:\Users\Admin\Desktop\Bsmart\target\classes;C:\Users\Admin\.m2\repository\org\springframework\boot\spring-boot-starter-data-jpa\2.7.2\spring-boot-starter-data-jpa-2.7.2.jar;C:\Users\Admin\.m2\repository\org\springframework\boot\spring-boot-starter-aop\2.7.2\spring-boot-starter-aop-2.7.2.jar;C:\Users\Admin\.m2\repository\org\aspectj\aspectjweaver\1.9.7\aspectjweaver-1.9.7.jar;C:\Users\Admin\.m2\repository\org\springframework\boot\spring-boot-starter-jdbc\2.7.2\spring-boot-starter-jdbc-2.7.2.jar;C:\Users\Admin\.m2\repository\com\zaxxer\HikariCP\4.0.3\HikariCP-4.0.3.jar;C:\Users\Admin\.m2\repository\org\springframework\spring-jdbc\5.3.22\sprin
Launcher Type: SUN_STANDARD

Environment Variables:
JAVA_HOME=C:\Program Files\Java\jdk1.8.0_191
PATH=C:\WINDOWS\system32;C:\WINDOWS;C:\WINDOWS\System32\Wbem;C:\WINDOWS\System32\WindowsPowerShell\v1.0\;C:\WINDOWS\System32\OpenSSH\;C:\Program Files\Java\jdk1.8.0_191\bin;C:\Program Files\nodejs\;C:\Program Files (x86)\Yarn\bin\;C:\Program Files\Docker\Docker\resources\bin;C:\Program Files\Git\cmd;C:\Program Files\MySQL\MySQL Server 8.0\bin;C:\Users\Admin\Desktop\apache-maven-3.6.1\bin;C:\Program Files\MySQL\MySQL Shell 8.0\bin\;C:\Users\Admin\AppData\Local\Microsoft\WindowsApps;;C:\Users\Admin\AppData\Local\Programs\Microsoft VS Code\bin;C:\Users\Admin\AppData\Roaming\npm;C:\Users\Admin\AppData\Local\Yarn\bin;C:\Users\Admin\AppData\Local\Programs\Azure Data Studio\bin
USERNAME=Admin
OS=Windows_NT
PROCESSOR_IDENTIFIER=Intel64 Family 6 Model 151 Stepping 5, GenuineIntel



---------------  S Y S T E M  ---------------

OS: Windows 10.0 , 64 bit Build 22621 (10.0.22621.1194)

CPU:total 12 (initial active 12) (6 cores per cpu, 2 threads per core) family 6 model 151 stepping 5, cmov, cx8, fxsr, mmx, sse, sse2, sse3, ssse3, sse4.1, sse4.2, popcnt, avx, avx2, aes, clmul, erms, 3dnowpref, lzcnt, ht, tsc, tscinvbit, bmi1, bmi2, adx

Memory: 4k page, physical 16545632k(450852k free), swap 32205404k(6992k free)

vm_info: Java HotSpot(TM) 64-Bit Server VM (25.191-b12) for windows-amd64 JRE (1.8.0_191-b12), built on Oct  6 2018 09:29:03 by "java_re" with MS VC++ 10.0 (VS2010)

time: Thu Mar 09 13:58:07 2023
elapsed time: 7 seconds (0d 0h 0m 7s)

